<?xml version="1.0" encoding="UTF-8"?>
<!-- Generated by org.testng.reporters.JUnitXMLReporter -->
<testsuite hostname="DESKTOP-G46QBGA" ignored="0" name="Test" tests="6" failures="1" timestamp="16 Aug 2020 09:10:24 GMT" time="28.013" errors="0">
  <testcase name="feature" time="22.749" classname="cucumber.api.testng.AbstractTestNGCucumberTests">
    <failure type="cucumber.runtime.CucumberException" message="java.lang.AssertionError: expected [Orange, S1] but found [Orange, S]">
      <![CDATA[cucumber.runtime.CucumberException: java.lang.AssertionError: expected [Orange, S1] but found [Orange, S]
at cucumber.api.testng.TestNGCucumberRunner.runCucumber(TestNGCucumberRunner.java:69)
at cucumber.api.testng.AbstractTestNGCucumberTests.feature(AbstractTestNGCucumberTests.java:21)
Caused by: java.lang.AssertionError: expected [Orange, S1] but found [Orange, S]
at pageObjects.ProductValidation.productValidation(ProductValidation.java:55)
at stepDefinations.StepDefination.user_validates_that_the_product_is_successfully_added_to_the_cart(StepDefination.java:86)
at âœ½.And user validates that the product is successfully added to the cart(login.feature:13)
... Removed 35 stack frames]]>
    </failure>
  </testcase> <!-- feature -->
  <testcase name="registerWeatherWithoutAPIKey" time="2.046" classname="restAPITesting.ApttusStationAPIValidation"/>
  <testcase name="registerTwoStationsWithValidKey" time="0.967" classname="restAPITesting.ApttusStationAPIValidation"/>
  <testcase name="getStations" time="0.486" classname="restAPITesting.ApttusStationAPIValidation"/>
  <testcase name="DeleteStations" time="0.932" classname="restAPITesting.ApttusStationAPIValidation"/>
  <testcase name="verifyStationNotFound" time="0.523" classname="restAPITesting.ApttusStationAPIValidation"/>
</testsuite> <!-- Test -->
